2019-05-27 00:24:17.652  WARN 22196 --- [http-nio-9528-exec-5] .m.m.a.ExceptionHandlerExceptionResolver : Resolved [org.springframework.web.HttpRequestMethodNotSupportedException: Request method 'POST' not supported]
2019-05-27 00:24:32.446  INFO 22196 --- [org.springframework.kafka.KafkaListenerEndpointContainer#0-3-C-1] o.s.s.c.ThreadPoolTaskScheduler          : Shutting down ExecutorService
2019-05-27 00:24:32.446  INFO 22196 --- [org.springframework.kafka.KafkaListenerEndpointContainer#0-2-C-1] o.s.s.c.ThreadPoolTaskScheduler          : Shutting down ExecutorService
2019-05-27 00:24:32.446  INFO 22196 --- [org.springframework.kafka.KafkaListenerEndpointContainer#0-0-C-1] o.s.s.c.ThreadPoolTaskScheduler          : Shutting down ExecutorService
2019-05-27 00:24:32.446  INFO 22196 --- [org.springframework.kafka.KafkaListenerEndpointContainer#0-1-C-1] o.s.s.c.ThreadPoolTaskScheduler          : Shutting down ExecutorService
2019-05-27 00:24:32.454  INFO 22196 --- [org.springframework.kafka.KafkaListenerEndpointContainer#0-2-C-1] essageListenerContainer$ListenerConsumer : Consumer stopped
2019-05-27 00:24:32.456  INFO 22196 --- [org.springframework.kafka.KafkaListenerEndpointContainer#0-0-C-1] essageListenerContainer$ListenerConsumer : Consumer stopped
2019-05-27 00:24:32.457  INFO 22196 --- [org.springframework.kafka.KafkaListenerEndpointContainer#0-1-C-1] essageListenerContainer$ListenerConsumer : Consumer stopped
2019-05-27 00:24:32.457  INFO 22196 --- [org.springframework.kafka.KafkaListenerEndpointContainer#0-3-C-1] essageListenerContainer$ListenerConsumer : Consumer stopped
2019-05-27 00:24:32.459  INFO 22196 --- [Thread-9] o.s.s.concurrent.ThreadPoolTaskExecutor  : Shutting down ExecutorService 'applicationTaskExecutor'
2019-05-27 00:24:32.472  INFO 22196 --- [Thread-9] j.LocalContainerEntityManagerFactoryBean : Closing JPA EntityManagerFactory for persistence unit 'default'
2019-05-27 00:24:32.475  INFO 22196 --- [Thread-9] com.zaxxer.hikari.HikariDataSource       : HikariPool-1 - Shutdown initiated...
2019-05-27 00:24:32.480  INFO 22196 --- [Thread-9] com.zaxxer.hikari.HikariDataSource       : HikariPool-1 - Shutdown completed.
2019-05-27 00:24:53.597  INFO 22987 --- [restartedMain] com.bmw.passbook.PassbookApplication     : Starting PassbookApplication on ivendeMacBook-Pro.local with PID 22987 (/Users/iven/Documents/GitHub/userpassbook/target/classes started by iven in /Users/iven/Documents/GitHub/userpassbook)
2019-05-27 00:24:53.600  INFO 22987 --- [restartedMain] com.bmw.passbook.PassbookApplication     : No active profile set, falling back to default profiles: default
2019-05-27 00:24:53.651  INFO 22987 --- [restartedMain] .e.DevToolsPropertyDefaultsPostProcessor : Devtools property defaults active! Set 'spring.devtools.add-properties' to 'false' to disable
2019-05-27 00:24:53.651  INFO 22987 --- [restartedMain] .e.DevToolsPropertyDefaultsPostProcessor : For additional web related logging consider setting the 'logging.level.web' property to 'DEBUG'
2019-05-27 00:24:54.463  INFO 22987 --- [restartedMain] .s.d.r.c.RepositoryConfigurationDelegate : Multiple Spring Data modules found, entering strict repository configuration mode!
2019-05-27 00:24:54.465  INFO 22987 --- [restartedMain] .s.d.r.c.RepositoryConfigurationDelegate : Bootstrapping Spring Data repositories in DEFAULT mode.
2019-05-27 00:24:54.620  INFO 22987 --- [restartedMain] .s.d.r.c.RepositoryConfigurationDelegate : Finished Spring Data repository scanning in 148ms. Found 1 repository interfaces.
2019-05-27 00:24:54.635  INFO 22987 --- [restartedMain] .s.d.r.c.RepositoryConfigurationDelegate : Multiple Spring Data modules found, entering strict repository configuration mode!
2019-05-27 00:24:54.636  INFO 22987 --- [restartedMain] .s.d.r.c.RepositoryConfigurationDelegate : Bootstrapping Spring Data repositories in DEFAULT mode.
2019-05-27 00:24:54.651  INFO 22987 --- [restartedMain] .RepositoryConfigurationExtensionSupport : Spring Data Redis - Could not safely identify store assignment for repository candidate interface com.bmw.passbook.repository.MerchantRepository.
2019-05-27 00:24:54.652  INFO 22987 --- [restartedMain] .s.d.r.c.RepositoryConfigurationDelegate : Finished Spring Data repository scanning in 9ms. Found 0 repository interfaces.
2019-05-27 00:24:55.074  INFO 22987 --- [restartedMain] trationDelegate$BeanPostProcessorChecker : Bean 'org.springframework.kafka.annotation.KafkaBootstrapConfiguration' of type [org.springframework.kafka.annotation.KafkaBootstrapConfiguration$$EnhancerBySpringCGLIB$$ae469807] is not eligible for getting processed by all BeanPostProcessors (for example: not eligible for auto-proxying)
2019-05-27 00:24:55.127  INFO 22987 --- [restartedMain] trationDelegate$BeanPostProcessorChecker : Bean 'org.springframework.transaction.annotation.ProxyTransactionManagementConfiguration' of type [org.springframework.transaction.annotation.ProxyTransactionManagementConfiguration$$EnhancerBySpringCGLIB$$da948684] is not eligible for getting processed by all BeanPostProcessors (for example: not eligible for auto-proxying)
2019-05-27 00:24:55.632  INFO 22987 --- [restartedMain] o.s.b.w.embedded.tomcat.TomcatWebServer  : Tomcat initialized with port(s): 9528 (http)
2019-05-27 00:24:55.662  INFO 22987 --- [restartedMain] o.apache.catalina.core.StandardService   : Starting service [Tomcat]
2019-05-27 00:24:55.663  INFO 22987 --- [restartedMain] org.apache.catalina.core.StandardEngine  : Starting Servlet engine: [Apache Tomcat/9.0.17]
2019-05-27 00:24:55.776  INFO 22987 --- [restartedMain] o.a.c.c.C.[Tomcat].[localhost].[/]       : Initializing Spring embedded WebApplicationContext
2019-05-27 00:24:55.776  INFO 22987 --- [restartedMain] o.s.web.context.ContextLoader            : Root WebApplicationContext: initialization completed in 2125 ms
2019-05-27 00:24:55.957  INFO 22987 --- [restartedMain] com.zaxxer.hikari.HikariDataSource       : HikariPool-1 - Starting...
2019-05-27 00:24:56.142  INFO 22987 --- [restartedMain] com.zaxxer.hikari.HikariDataSource       : HikariPool-1 - Start completed.
2019-05-27 00:24:56.222  INFO 22987 --- [restartedMain] o.hibernate.jpa.internal.util.LogHelper  : HHH000204: Processing PersistenceUnitInfo [
	name: default
	...]
2019-05-27 00:24:56.282  INFO 22987 --- [restartedMain] org.hibernate.Version                    : HHH000412: Hibernate Core {5.3.9.Final}
2019-05-27 00:24:56.283  INFO 22987 --- [restartedMain] org.hibernate.cfg.Environment            : HHH000206: hibernate.properties not found
2019-05-27 00:24:56.411  INFO 22987 --- [restartedMain] o.hibernate.annotations.common.Version   : HCANN000001: Hibernate Commons Annotations {5.0.4.Final}
2019-05-27 00:24:56.553  INFO 22987 --- [restartedMain] org.hibernate.dialect.Dialect            : HHH000400: Using dialect: org.hibernate.dialect.MySQL5Dialect
2019-05-27 00:24:57.138  INFO 22987 --- [restartedMain] j.LocalContainerEntityManagerFactoryBean : Initialized JPA EntityManagerFactory for persistence unit 'default'
2019-05-27 00:24:59.238  INFO 22987 --- [restartedMain] o.s.s.concurrent.ThreadPoolTaskExecutor  : Initializing ExecutorService 'applicationTaskExecutor'
2019-05-27 00:24:59.328  WARN 22987 --- [restartedMain] aWebConfiguration$JpaWebMvcConfiguration : spring.jpa.open-in-view is enabled by default. Therefore, database queries may be performed during view rendering. Explicitly configure spring.jpa.open-in-view to disable this warning
2019-05-27 00:24:59.916  INFO 22987 --- [restartedMain] o.s.b.d.a.OptionalLiveReloadServer       : LiveReload server is running on port 35729
2019-05-27 00:25:00.028  INFO 22987 --- [restartedMain] o.a.k.clients.consumer.ConsumerConfig    : ConsumerConfig values: 
	auto.commit.interval.ms = 5000
	auto.offset.reset = latest
	bootstrap.servers = [192.168.31.207:9092]
	check.crcs = true
	client.id = 
	connections.max.idle.ms = 540000
	default.api.timeout.ms = 60000
	enable.auto.commit = true
	exclude.internal.topics = true
	fetch.max.bytes = 52428800
	fetch.max.wait.ms = 500
	fetch.min.bytes = 1
	group.id = passbook
	heartbeat.interval.ms = 3000
	interceptor.classes = []
	internal.leave.group.on.close = true
	isolation.level = read_uncommitted
	key.deserializer = class org.apache.kafka.common.serialization.StringDeserializer
	max.partition.fetch.bytes = 1048576
	max.poll.interval.ms = 300000
	max.poll.records = 500
	metadata.max.age.ms = 300000
	metric.reporters = []
	metrics.num.samples = 2
	metrics.recording.level = INFO
	metrics.sample.window.ms = 30000
	partition.assignment.strategy = [class org.apache.kafka.clients.consumer.RangeAssignor]
	receive.buffer.bytes = 65536
	reconnect.backoff.max.ms = 1000
	reconnect.backoff.ms = 50
	request.timeout.ms = 30000
	retry.backoff.ms = 100
	sasl.client.callback.handler.class = null
	sasl.jaas.config = null
	sasl.kerberos.kinit.cmd = /usr/bin/kinit
	sasl.kerberos.min.time.before.relogin = 60000
	sasl.kerberos.service.name = null
	sasl.kerberos.ticket.renew.jitter = 0.05
	sasl.kerberos.ticket.renew.window.factor = 0.8
	sasl.login.callback.handler.class = null
	sasl.login.class = null
	sasl.login.refresh.buffer.seconds = 300
	sasl.login.refresh.min.period.seconds = 60
	sasl.login.refresh.window.factor = 0.8
	sasl.login.refresh.window.jitter = 0.05
	sasl.mechanism = GSSAPI
	security.protocol = PLAINTEXT
	send.buffer.bytes = 131072
	session.timeout.ms = 10000
	ssl.cipher.suites = null
	ssl.enabled.protocols = [TLSv1.2, TLSv1.1, TLSv1]
	ssl.endpoint.identification.algorithm = https
	ssl.key.password = null
	ssl.keymanager.algorithm = SunX509
	ssl.keystore.location = null
	ssl.keystore.password = null
	ssl.keystore.type = JKS
	ssl.protocol = TLS
	ssl.provider = null
	ssl.secure.random.implementation = null
	ssl.trustmanager.algorithm = PKIX
	ssl.truststore.location = null
	ssl.truststore.password = null
	ssl.truststore.type = JKS
	value.deserializer = class org.apache.kafka.common.serialization.StringDeserializer

2019-05-27 00:25:00.151  INFO 22987 --- [restartedMain] o.a.kafka.common.utils.AppInfoParser     : Kafka version : 2.0.1
2019-05-27 00:25:00.154  INFO 22987 --- [restartedMain] o.a.kafka.common.utils.AppInfoParser     : Kafka commitId : fa14705e51bd2ce5
2019-05-27 00:25:00.487  INFO 22987 --- [restartedMain] org.apache.kafka.clients.Metadata        : Cluster ID: wxOduLl-SbGbNLc5M9DXhQ
2019-05-27 00:25:00.512  INFO 22987 --- [restartedMain] o.a.k.clients.consumer.ConsumerConfig    : ConsumerConfig values: 
	auto.commit.interval.ms = 5000
	auto.offset.reset = latest
	bootstrap.servers = [192.168.31.207:9092]
	check.crcs = true
	client.id = 
	connections.max.idle.ms = 540000
	default.api.timeout.ms = 60000
	enable.auto.commit = true
	exclude.internal.topics = true
	fetch.max.bytes = 52428800
	fetch.max.wait.ms = 500
	fetch.min.bytes = 1
	group.id = passbook
	heartbeat.interval.ms = 3000
	interceptor.classes = []
	internal.leave.group.on.close = true
	isolation.level = read_uncommitted
	key.deserializer = class org.apache.kafka.common.serialization.StringDeserializer
	max.partition.fetch.bytes = 1048576
	max.poll.interval.ms = 300000
	max.poll.records = 500
	metadata.max.age.ms = 300000
	metric.reporters = []
	metrics.num.samples = 2
	metrics.recording.level = INFO
	metrics.sample.window.ms = 30000
	partition.assignment.strategy = [class org.apache.kafka.clients.consumer.RangeAssignor]
	receive.buffer.bytes = 65536
	reconnect.backoff.max.ms = 1000
	reconnect.backoff.ms = 50
	request.timeout.ms = 30000
	retry.backoff.ms = 100
	sasl.client.callback.handler.class = null
	sasl.jaas.config = null
	sasl.kerberos.kinit.cmd = /usr/bin/kinit
	sasl.kerberos.min.time.before.relogin = 60000
	sasl.kerberos.service.name = null
	sasl.kerberos.ticket.renew.jitter = 0.05
	sasl.kerberos.ticket.renew.window.factor = 0.8
	sasl.login.callback.handler.class = null
	sasl.login.class = null
	sasl.login.refresh.buffer.seconds = 300
	sasl.login.refresh.min.period.seconds = 60
	sasl.login.refresh.window.factor = 0.8
	sasl.login.refresh.window.jitter = 0.05
	sasl.mechanism = GSSAPI
	security.protocol = PLAINTEXT
	send.buffer.bytes = 131072
	session.timeout.ms = 10000
	ssl.cipher.suites = null
	ssl.enabled.protocols = [TLSv1.2, TLSv1.1, TLSv1]
	ssl.endpoint.identification.algorithm = https
	ssl.key.password = null
	ssl.keymanager.algorithm = SunX509
	ssl.keystore.location = null
	ssl.keystore.password = null
	ssl.keystore.type = JKS
	ssl.protocol = TLS
	ssl.provider = null
	ssl.secure.random.implementation = null
	ssl.trustmanager.algorithm = PKIX
	ssl.truststore.location = null
	ssl.truststore.password = null
	ssl.truststore.type = JKS
	value.deserializer = class org.apache.kafka.common.serialization.StringDeserializer

2019-05-27 00:25:00.518  INFO 22987 --- [restartedMain] o.a.kafka.common.utils.AppInfoParser     : Kafka version : 2.0.1
2019-05-27 00:25:00.519  INFO 22987 --- [restartedMain] o.a.kafka.common.utils.AppInfoParser     : Kafka commitId : fa14705e51bd2ce5
2019-05-27 00:25:00.526  INFO 22987 --- [restartedMain] o.s.s.c.ThreadPoolTaskScheduler          : Initializing ExecutorService
2019-05-27 00:25:00.534  INFO 22987 --- [restartedMain] o.a.k.clients.consumer.ConsumerConfig    : ConsumerConfig values: 
	auto.commit.interval.ms = 5000
	auto.offset.reset = latest
	bootstrap.servers = [192.168.31.207:9092]
	check.crcs = true
	client.id = 
	connections.max.idle.ms = 540000
	default.api.timeout.ms = 60000
	enable.auto.commit = true
	exclude.internal.topics = true
	fetch.max.bytes = 52428800
	fetch.max.wait.ms = 500
	fetch.min.bytes = 1
	group.id = passbook
	heartbeat.interval.ms = 3000
	interceptor.classes = []
	internal.leave.group.on.close = true
	isolation.level = read_uncommitted
	key.deserializer = class org.apache.kafka.common.serialization.StringDeserializer
	max.partition.fetch.bytes = 1048576
	max.poll.interval.ms = 300000
	max.poll.records = 500
	metadata.max.age.ms = 300000
	metric.reporters = []
	metrics.num.samples = 2
	metrics.recording.level = INFO
	metrics.sample.window.ms = 30000
	partition.assignment.strategy = [class org.apache.kafka.clients.consumer.RangeAssignor]
	receive.buffer.bytes = 65536
	reconnect.backoff.max.ms = 1000
	reconnect.backoff.ms = 50
	request.timeout.ms = 30000
	retry.backoff.ms = 100
	sasl.client.callback.handler.class = null
	sasl.jaas.config = null
	sasl.kerberos.kinit.cmd = /usr/bin/kinit
	sasl.kerberos.min.time.before.relogin = 60000
	sasl.kerberos.service.name = null
	sasl.kerberos.ticket.renew.jitter = 0.05
	sasl.kerberos.ticket.renew.window.factor = 0.8
	sasl.login.callback.handler.class = null
	sasl.login.class = null
	sasl.login.refresh.buffer.seconds = 300
	sasl.login.refresh.min.period.seconds = 60
	sasl.login.refresh.window.factor = 0.8
	sasl.login.refresh.window.jitter = 0.05
	sasl.mechanism = GSSAPI
	security.protocol = PLAINTEXT
	send.buffer.bytes = 131072
	session.timeout.ms = 10000
	ssl.cipher.suites = null
	ssl.enabled.protocols = [TLSv1.2, TLSv1.1, TLSv1]
	ssl.endpoint.identification.algorithm = https
	ssl.key.password = null
	ssl.keymanager.algorithm = SunX509
	ssl.keystore.location = null
	ssl.keystore.password = null
	ssl.keystore.type = JKS
	ssl.protocol = TLS
	ssl.provider = null
	ssl.secure.random.implementation = null
	ssl.trustmanager.algorithm = PKIX
	ssl.truststore.location = null
	ssl.truststore.password = null
	ssl.truststore.type = JKS
	value.deserializer = class org.apache.kafka.common.serialization.StringDeserializer

2019-05-27 00:25:00.541  INFO 22987 --- [restartedMain] o.a.kafka.common.utils.AppInfoParser     : Kafka version : 2.0.1
2019-05-27 00:25:00.541  INFO 22987 --- [restartedMain] o.a.kafka.common.utils.AppInfoParser     : Kafka commitId : fa14705e51bd2ce5
2019-05-27 00:25:00.541  INFO 22987 --- [restartedMain] o.s.s.c.ThreadPoolTaskScheduler          : Initializing ExecutorService
2019-05-27 00:25:00.543  INFO 22987 --- [restartedMain] o.a.k.clients.consumer.ConsumerConfig    : ConsumerConfig values: 
	auto.commit.interval.ms = 5000
	auto.offset.reset = latest
	bootstrap.servers = [192.168.31.207:9092]
	check.crcs = true
	client.id = 
	connections.max.idle.ms = 540000
	default.api.timeout.ms = 60000
	enable.auto.commit = true
	exclude.internal.topics = true
	fetch.max.bytes = 52428800
	fetch.max.wait.ms = 500
	fetch.min.bytes = 1
	group.id = passbook
	heartbeat.interval.ms = 3000
	interceptor.classes = []
	internal.leave.group.on.close = true
	isolation.level = read_uncommitted
	key.deserializer = class org.apache.kafka.common.serialization.StringDeserializer
	max.partition.fetch.bytes = 1048576
	max.poll.interval.ms = 300000
	max.poll.records = 500
	metadata.max.age.ms = 300000
	metric.reporters = []
	metrics.num.samples = 2
	metrics.recording.level = INFO
	metrics.sample.window.ms = 30000
	partition.assignment.strategy = [class org.apache.kafka.clients.consumer.RangeAssignor]
	receive.buffer.bytes = 65536
	reconnect.backoff.max.ms = 1000
	reconnect.backoff.ms = 50
	request.timeout.ms = 30000
	retry.backoff.ms = 100
	sasl.client.callback.handler.class = null
	sasl.jaas.config = null
	sasl.kerberos.kinit.cmd = /usr/bin/kinit
	sasl.kerberos.min.time.before.relogin = 60000
	sasl.kerberos.service.name = null
	sasl.kerberos.ticket.renew.jitter = 0.05
	sasl.kerberos.ticket.renew.window.factor = 0.8
	sasl.login.callback.handler.class = null
	sasl.login.class = null
	sasl.login.refresh.buffer.seconds = 300
	sasl.login.refresh.min.period.seconds = 60
	sasl.login.refresh.window.factor = 0.8
	sasl.login.refresh.window.jitter = 0.05
	sasl.mechanism = GSSAPI
	security.protocol = PLAINTEXT
	send.buffer.bytes = 131072
	session.timeout.ms = 10000
	ssl.cipher.suites = null
	ssl.enabled.protocols = [TLSv1.2, TLSv1.1, TLSv1]
	ssl.endpoint.identification.algorithm = https
	ssl.key.password = null
	ssl.keymanager.algorithm = SunX509
	ssl.keystore.location = null
	ssl.keystore.password = null
	ssl.keystore.type = JKS
	ssl.protocol = TLS
	ssl.provider = null
	ssl.secure.random.implementation = null
	ssl.trustmanager.algorithm = PKIX
	ssl.truststore.location = null
	ssl.truststore.password = null
	ssl.truststore.type = JKS
	value.deserializer = class org.apache.kafka.common.serialization.StringDeserializer

2019-05-27 00:25:00.548  INFO 22987 --- [org.springframework.kafka.KafkaListenerEndpointContainer#0-0-C-1] org.apache.kafka.clients.Metadata        : Cluster ID: wxOduLl-SbGbNLc5M9DXhQ
2019-05-27 00:25:00.549  INFO 22987 --- [restartedMain] o.a.kafka.common.utils.AppInfoParser     : Kafka version : 2.0.1
2019-05-27 00:25:00.549  INFO 22987 --- [restartedMain] o.a.kafka.common.utils.AppInfoParser     : Kafka commitId : fa14705e51bd2ce5
2019-05-27 00:25:00.549  INFO 22987 --- [org.springframework.kafka.KafkaListenerEndpointContainer#0-0-C-1] o.a.k.c.c.internals.AbstractCoordinator  : [Consumer clientId=consumer-2, groupId=passbook] Discovered group coordinator 192.168.31.207:9092 (id: 2147483647 rack: null)
2019-05-27 00:25:00.549  INFO 22987 --- [restartedMain] o.s.s.c.ThreadPoolTaskScheduler          : Initializing ExecutorService
2019-05-27 00:25:00.549  INFO 22987 --- [org.springframework.kafka.KafkaListenerEndpointContainer#0-1-C-1] org.apache.kafka.clients.Metadata        : Cluster ID: wxOduLl-SbGbNLc5M9DXhQ
2019-05-27 00:25:00.550  INFO 22987 --- [org.springframework.kafka.KafkaListenerEndpointContainer#0-1-C-1] o.a.k.c.c.internals.AbstractCoordinator  : [Consumer clientId=consumer-3, groupId=passbook] Discovered group coordinator 192.168.31.207:9092 (id: 2147483647 rack: null)
2019-05-27 00:25:00.550  INFO 22987 --- [restartedMain] o.a.k.clients.consumer.ConsumerConfig    : ConsumerConfig values: 
	auto.commit.interval.ms = 5000
	auto.offset.reset = latest
	bootstrap.servers = [192.168.31.207:9092]
	check.crcs = true
	client.id = 
	connections.max.idle.ms = 540000
	default.api.timeout.ms = 60000
	enable.auto.commit = true
	exclude.internal.topics = true
	fetch.max.bytes = 52428800
	fetch.max.wait.ms = 500
	fetch.min.bytes = 1
	group.id = passbook
	heartbeat.interval.ms = 3000
	interceptor.classes = []
	internal.leave.group.on.close = true
	isolation.level = read_uncommitted
	key.deserializer = class org.apache.kafka.common.serialization.StringDeserializer
	max.partition.fetch.bytes = 1048576
	max.poll.interval.ms = 300000
	max.poll.records = 500
	metadata.max.age.ms = 300000
	metric.reporters = []
	metrics.num.samples = 2
	metrics.recording.level = INFO
	metrics.sample.window.ms = 30000
	partition.assignment.strategy = [class org.apache.kafka.clients.consumer.RangeAssignor]
	receive.buffer.bytes = 65536
	reconnect.backoff.max.ms = 1000
	reconnect.backoff.ms = 50
	request.timeout.ms = 30000
	retry.backoff.ms = 100
	sasl.client.callback.handler.class = null
	sasl.jaas.config = null
	sasl.kerberos.kinit.cmd = /usr/bin/kinit
	sasl.kerberos.min.time.before.relogin = 60000
	sasl.kerberos.service.name = null
	sasl.kerberos.ticket.renew.jitter = 0.05
	sasl.kerberos.ticket.renew.window.factor = 0.8
	sasl.login.callback.handler.class = null
	sasl.login.class = null
	sasl.login.refresh.buffer.seconds = 300
	sasl.login.refresh.min.period.seconds = 60
	sasl.login.refresh.window.factor = 0.8
	sasl.login.refresh.window.jitter = 0.05
	sasl.mechanism = GSSAPI
	security.protocol = PLAINTEXT
	send.buffer.bytes = 131072
	session.timeout.ms = 10000
	ssl.cipher.suites = null
	ssl.enabled.protocols = [TLSv1.2, TLSv1.1, TLSv1]
	ssl.endpoint.identification.algorithm = https
	ssl.key.password = null
	ssl.keymanager.algorithm = SunX509
	ssl.keystore.location = null
	ssl.keystore.password = null
	ssl.keystore.type = JKS
	ssl.protocol = TLS
	ssl.provider = null
	ssl.secure.random.implementation = null
	ssl.trustmanager.algorithm = PKIX
	ssl.truststore.location = null
	ssl.truststore.password = null
	ssl.truststore.type = JKS
	value.deserializer = class org.apache.kafka.common.serialization.StringDeserializer

2019-05-27 00:25:00.555  INFO 22987 --- [org.springframework.kafka.KafkaListenerEndpointContainer#0-1-C-1] o.a.k.c.c.internals.ConsumerCoordinator  : [Consumer clientId=consumer-3, groupId=passbook] Revoking previously assigned partitions []
2019-05-27 00:25:00.555  INFO 22987 --- [org.springframework.kafka.KafkaListenerEndpointContainer#0-0-C-1] o.a.k.c.c.internals.ConsumerCoordinator  : [Consumer clientId=consumer-2, groupId=passbook] Revoking previously assigned partitions []
2019-05-27 00:25:00.556  INFO 22987 --- [org.springframework.kafka.KafkaListenerEndpointContainer#0-0-C-1] o.s.k.l.KafkaMessageListenerContainer    : partitions revoked: []
2019-05-27 00:25:00.556  INFO 22987 --- [org.springframework.kafka.KafkaListenerEndpointContainer#0-0-C-1] o.a.k.c.c.internals.AbstractCoordinator  : [Consumer clientId=consumer-2, groupId=passbook] (Re-)joining group
2019-05-27 00:25:00.556  INFO 22987 --- [org.springframework.kafka.KafkaListenerEndpointContainer#0-1-C-1] o.s.k.l.KafkaMessageListenerContainer    : partitions revoked: []
2019-05-27 00:25:00.556  INFO 22987 --- [org.springframework.kafka.KafkaListenerEndpointContainer#0-1-C-1] o.a.k.c.c.internals.AbstractCoordinator  : [Consumer clientId=consumer-3, groupId=passbook] (Re-)joining group
2019-05-27 00:25:00.558  INFO 22987 --- [restartedMain] o.a.kafka.common.utils.AppInfoParser     : Kafka version : 2.0.1
2019-05-27 00:25:00.558  INFO 22987 --- [org.springframework.kafka.KafkaListenerEndpointContainer#0-2-C-1] org.apache.kafka.clients.Metadata        : Cluster ID: wxOduLl-SbGbNLc5M9DXhQ
2019-05-27 00:25:00.558  INFO 22987 --- [restartedMain] o.a.kafka.common.utils.AppInfoParser     : Kafka commitId : fa14705e51bd2ce5
2019-05-27 00:25:00.558  INFO 22987 --- [restartedMain] o.s.s.c.ThreadPoolTaskScheduler          : Initializing ExecutorService
2019-05-27 00:25:00.558  INFO 22987 --- [org.springframework.kafka.KafkaListenerEndpointContainer#0-2-C-1] o.a.k.c.c.internals.AbstractCoordinator  : [Consumer clientId=consumer-4, groupId=passbook] Discovered group coordinator 192.168.31.207:9092 (id: 2147483647 rack: null)
2019-05-27 00:25:00.559  INFO 22987 --- [org.springframework.kafka.KafkaListenerEndpointContainer#0-2-C-1] o.a.k.c.c.internals.ConsumerCoordinator  : [Consumer clientId=consumer-4, groupId=passbook] Revoking previously assigned partitions []
2019-05-27 00:25:00.559  INFO 22987 --- [org.springframework.kafka.KafkaListenerEndpointContainer#0-2-C-1] o.s.k.l.KafkaMessageListenerContainer    : partitions revoked: []
2019-05-27 00:25:00.559  INFO 22987 --- [org.springframework.kafka.KafkaListenerEndpointContainer#0-2-C-1] o.a.k.c.c.internals.AbstractCoordinator  : [Consumer clientId=consumer-4, groupId=passbook] (Re-)joining group
2019-05-27 00:25:00.567  INFO 22987 --- [org.springframework.kafka.KafkaListenerEndpointContainer#0-3-C-1] org.apache.kafka.clients.Metadata        : Cluster ID: wxOduLl-SbGbNLc5M9DXhQ
2019-05-27 00:25:00.568  INFO 22987 --- [org.springframework.kafka.KafkaListenerEndpointContainer#0-3-C-1] o.a.k.c.c.internals.AbstractCoordinator  : [Consumer clientId=consumer-5, groupId=passbook] Discovered group coordinator 192.168.31.207:9092 (id: 2147483647 rack: null)
2019-05-27 00:25:00.569  INFO 22987 --- [org.springframework.kafka.KafkaListenerEndpointContainer#0-3-C-1] o.a.k.c.c.internals.ConsumerCoordinator  : [Consumer clientId=consumer-5, groupId=passbook] Revoking previously assigned partitions []
2019-05-27 00:25:00.569  INFO 22987 --- [org.springframework.kafka.KafkaListenerEndpointContainer#0-3-C-1] o.s.k.l.KafkaMessageListenerContainer    : partitions revoked: []
2019-05-27 00:25:00.569  INFO 22987 --- [org.springframework.kafka.KafkaListenerEndpointContainer#0-3-C-1] o.a.k.c.c.internals.AbstractCoordinator  : [Consumer clientId=consumer-5, groupId=passbook] (Re-)joining group
2019-05-27 00:25:00.604  INFO 22987 --- [restartedMain] o.s.b.w.embedded.tomcat.TomcatWebServer  : Tomcat started on port(s): 9528 (http) with context path ''
2019-05-27 00:25:00.611  INFO 22987 --- [restartedMain] com.bmw.passbook.PassbookApplication     : Started PassbookApplication in 7.538 seconds (JVM running for 8.167)
2019-05-27 00:25:01.580  INFO 22987 --- [org.springframework.kafka.KafkaListenerEndpointContainer#0-1-C-1] o.a.k.c.c.internals.AbstractCoordinator  : [Consumer clientId=consumer-3, groupId=passbook] Successfully joined group with generation 99
2019-05-27 00:25:01.580  INFO 22987 --- [org.springframework.kafka.KafkaListenerEndpointContainer#0-0-C-1] o.a.k.c.c.internals.AbstractCoordinator  : [Consumer clientId=consumer-2, groupId=passbook] Successfully joined group with generation 99
2019-05-27 00:25:01.580  INFO 22987 --- [org.springframework.kafka.KafkaListenerEndpointContainer#0-2-C-1] o.a.k.c.c.internals.AbstractCoordinator  : [Consumer clientId=consumer-4, groupId=passbook] Successfully joined group with generation 99
2019-05-27 00:25:01.580  INFO 22987 --- [org.springframework.kafka.KafkaListenerEndpointContainer#0-3-C-1] o.a.k.c.c.internals.AbstractCoordinator  : [Consumer clientId=consumer-5, groupId=passbook] Successfully joined group with generation 99
2019-05-27 00:25:01.582  INFO 22987 --- [org.springframework.kafka.KafkaListenerEndpointContainer#0-3-C-1] o.a.k.c.c.internals.ConsumerCoordinator  : [Consumer clientId=consumer-5, groupId=passbook] Setting newly assigned partitions []
2019-05-27 00:25:01.583  INFO 22987 --- [org.springframework.kafka.KafkaListenerEndpointContainer#0-2-C-1] o.a.k.c.c.internals.ConsumerCoordinator  : [Consumer clientId=consumer-4, groupId=passbook] Setting newly assigned partitions []
2019-05-27 00:25:01.583  INFO 22987 --- [org.springframework.kafka.KafkaListenerEndpointContainer#0-1-C-1] o.a.k.c.c.internals.ConsumerCoordinator  : [Consumer clientId=consumer-3, groupId=passbook] Setting newly assigned partitions []
2019-05-27 00:25:01.585  INFO 22987 --- [org.springframework.kafka.KafkaListenerEndpointContainer#0-1-C-1] o.s.k.l.KafkaMessageListenerContainer    : partitions assigned: []
2019-05-27 00:25:01.585  INFO 22987 --- [org.springframework.kafka.KafkaListenerEndpointContainer#0-2-C-1] o.s.k.l.KafkaMessageListenerContainer    : partitions assigned: []
2019-05-27 00:25:01.585  INFO 22987 --- [org.springframework.kafka.KafkaListenerEndpointContainer#0-3-C-1] o.s.k.l.KafkaMessageListenerContainer    : partitions assigned: []
2019-05-27 00:25:01.585  INFO 22987 --- [org.springframework.kafka.KafkaListenerEndpointContainer#0-0-C-1] o.a.k.c.c.internals.ConsumerCoordinator  : [Consumer clientId=consumer-2, groupId=passbook] Setting newly assigned partitions [merchant-template-0]
2019-05-27 00:25:01.592  INFO 22987 --- [org.springframework.kafka.KafkaListenerEndpointContainer#0-0-C-1] o.s.k.l.KafkaMessageListenerContainer    : partitions assigned: [merchant-template-0]
2019-05-27 00:25:05.962  INFO 22987 --- [http-nio-9528-exec-1] o.a.c.c.C.[Tomcat].[localhost].[/]       : Initializing Spring DispatcherServlet 'dispatcherServlet'
2019-05-27 00:25:05.962  INFO 22987 --- [http-nio-9528-exec-1] o.s.web.servlet.DispatcherServlet        : Initializing Servlet 'dispatcherServlet'
2019-05-27 00:25:05.976  INFO 22987 --- [http-nio-9528-exec-1] o.s.web.servlet.DispatcherServlet        : Completed initialization in 14 ms
2019-05-27 00:25:06.234  WARN 22987 --- [http-nio-9528-exec-1] .m.m.a.ExceptionHandlerExceptionResolver : Resolved [org.springframework.http.converter.HttpMessageNotReadableException: JSON parse error: Cannot deserialize value of type `java.util.Date` from String "2019/5/26": not a valid representation (error: Failed to parse Date value '2019/5/26': Cannot parse date "2019/5/26": not compatible with any of standard forms ("yyyy-MM-dd'T'HH:mm:ss.SSSZ", "yyyy-MM-dd'T'HH:mm:ss.SSS", "EEE, dd MMM yyyy HH:mm:ss zzz", "yyyy-MM-dd")); nested exception is com.fasterxml.jackson.databind.exc.InvalidFormatException: Cannot deserialize value of type `java.util.Date` from String "2019/5/26": not a valid representation (error: Failed to parse Date value '2019/5/26': Cannot parse date "2019/5/26": not compatible with any of standard forms ("yyyy-MM-dd'T'HH:mm:ss.SSSZ", "yyyy-MM-dd'T'HH:mm:ss.SSS", "EEE, dd MMM yyyy HH:mm:ss zzz", "yyyy-MM-dd"))
 at [Source: (PushbackInputStream); line: 11, column: 11] (through reference chain: com.bmw.passbook.dto.GainPassTemplateRequest["passTemplate"]->com.bmw.passbook.dto.PassTemplate["start"])]
2019-05-27 00:25:48.485  WARN 22987 --- [http-nio-9528-exec-3] .m.m.a.ExceptionHandlerExceptionResolver : Resolved [org.springframework.http.converter.HttpMessageNotReadableException: JSON parse error: Cannot deserialize value of type `java.util.Date` from String "2019-5-26": not a valid representation (error: Failed to parse Date value '2019-5-26': Cannot parse date "2019-5-26": while it seems to fit format 'yyyy-MM-dd', parsing fails (leniency? null)); nested exception is com.fasterxml.jackson.databind.exc.InvalidFormatException: Cannot deserialize value of type `java.util.Date` from String "2019-5-26": not a valid representation (error: Failed to parse Date value '2019-5-26': Cannot parse date "2019-5-26": while it seems to fit format 'yyyy-MM-dd', parsing fails (leniency? null))
 at [Source: (PushbackInputStream); line: 11, column: 11] (through reference chain: com.bmw.passbook.dto.GainPassTemplateRequest["passTemplate"]->com.bmw.passbook.dto.PassTemplate["start"])]
2019-05-27 00:26:03.393  INFO 22987 --- [http-nio-9528-exec-4] com.bmw.passbook.log.LogGenerator        : {"action":"GainPassTemplate","info":{"passTemplate":{"background":2,"desc":"描述","hasToken":false,"id":1,"limit":100,"summary":"简介","title":"标题"},"userId":855124},"remoteIp":"0:0:0:0:0:0:0:1","timestamp":1558887962898,"userId":855124}
2019-05-27 00:26:50.045  WARN 22987 --- [HikariPool-1 housekeeper] com.zaxxer.hikari.pool.HikariPool        : HikariPool-1 - Thread starvation or clock leap detected (housekeeper delta=53s800ms).
2019-05-27 00:26:50.049  INFO 22987 --- [org.springframework.kafka.KafkaListenerEndpointContainer#0-3-C-1] o.a.k.c.c.internals.AbstractCoordinator  : [Consumer clientId=consumer-5, groupId=passbook] Attempt to heartbeat failed for since member id consumer-5-a0780927-9f10-46a3-ac41-5adbda091c1a is not valid.
2019-05-27 00:26:50.049  INFO 22987 --- [org.springframework.kafka.KafkaListenerEndpointContainer#0-2-C-1] o.a.k.c.c.internals.AbstractCoordinator  : [Consumer clientId=consumer-4, groupId=passbook] Attempt to heartbeat failed for since member id consumer-4-fad662a6-fb70-4336-9b4c-5645ac800e84 is not valid.
2019-05-27 00:26:50.049  INFO 22987 --- [org.springframework.kafka.KafkaListenerEndpointContainer#0-3-C-1] o.a.k.c.c.internals.ConsumerCoordinator  : [Consumer clientId=consumer-5, groupId=passbook] Revoking previously assigned partitions []
2019-05-27 00:26:50.049  INFO 22987 --- [org.springframework.kafka.KafkaListenerEndpointContainer#0-1-C-1] o.a.k.c.c.internals.AbstractCoordinator  : [Consumer clientId=consumer-3, groupId=passbook] Attempt to heartbeat failed for since member id consumer-3-3ca0b831-a1a0-42e8-a8ed-fe287ed28f86 is not valid.
2019-05-27 00:26:50.049  INFO 22987 --- [org.springframework.kafka.KafkaListenerEndpointContainer#0-3-C-1] o.s.k.l.KafkaMessageListenerContainer    : partitions revoked: []
2019-05-27 00:26:50.049  INFO 22987 --- [org.springframework.kafka.KafkaListenerEndpointContainer#0-1-C-1] o.a.k.c.c.internals.ConsumerCoordinator  : [Consumer clientId=consumer-3, groupId=passbook] Revoking previously assigned partitions []
2019-05-27 00:26:50.049  INFO 22987 --- [org.springframework.kafka.KafkaListenerEndpointContainer#0-3-C-1] o.a.k.c.c.internals.AbstractCoordinator  : [Consumer clientId=consumer-5, groupId=passbook] (Re-)joining group
2019-05-27 00:26:50.050  INFO 22987 --- [org.springframework.kafka.KafkaListenerEndpointContainer#0-1-C-1] o.s.k.l.KafkaMessageListenerContainer    : partitions revoked: []
2019-05-27 00:26:50.049  INFO 22987 --- [org.springframework.kafka.KafkaListenerEndpointContainer#0-0-C-1] o.a.k.c.c.internals.AbstractCoordinator  : [Consumer clientId=consumer-2, groupId=passbook] Attempt to heartbeat failed for since member id consumer-2-d83cb82e-3da6-4d00-9095-f28300686349 is not valid.
2019-05-27 00:26:50.049  INFO 22987 --- [org.springframework.kafka.KafkaListenerEndpointContainer#0-2-C-1] o.a.k.c.c.internals.ConsumerCoordinator  : [Consumer clientId=consumer-4, groupId=passbook] Revoking previously assigned partitions []
2019-05-27 00:26:50.050  INFO 22987 --- [org.springframework.kafka.KafkaListenerEndpointContainer#0-1-C-1] o.a.k.c.c.internals.AbstractCoordinator  : [Consumer clientId=consumer-3, groupId=passbook] (Re-)joining group
2019-05-27 00:26:50.050  INFO 22987 --- [org.springframework.kafka.KafkaListenerEndpointContainer#0-2-C-1] o.s.k.l.KafkaMessageListenerContainer    : partitions revoked: []
2019-05-27 00:26:50.050  INFO 22987 --- [org.springframework.kafka.KafkaListenerEndpointContainer#0-2-C-1] o.a.k.c.c.internals.AbstractCoordinator  : [Consumer clientId=consumer-4, groupId=passbook] (Re-)joining group
2019-05-27 00:26:50.050 ERROR 22987 --- [org.springframework.kafka.KafkaListenerEndpointContainer#0-0-C-1] o.a.k.c.c.internals.ConsumerCoordinator  : [Consumer clientId=consumer-2, groupId=passbook] Offset commit failed on partition merchant-template-0 at offset 0: The coordinator is not aware of this member.
2019-05-27 00:26:50.051  WARN 22987 --- [org.springframework.kafka.KafkaListenerEndpointContainer#0-0-C-1] o.a.k.c.c.internals.ConsumerCoordinator  : [Consumer clientId=consumer-2, groupId=passbook] Asynchronous auto-commit of offsets {merchant-template-0=OffsetAndMetadata{offset=0, metadata=''}} failed: Commit cannot be completed since the group has already rebalanced and assigned the partitions to another member. This means that the time between subsequent calls to poll() was longer than the configured max.poll.interval.ms, which typically implies that the poll loop is spending too much time message processing. You can address this either by increasing the session timeout or by reducing the maximum size of batches returned in poll() with max.poll.records.
2019-05-27 00:26:50.051  WARN 22987 --- [org.springframework.kafka.KafkaListenerEndpointContainer#0-0-C-1] o.a.k.c.c.internals.ConsumerCoordinator  : [Consumer clientId=consumer-2, groupId=passbook] Synchronous auto-commit of offsets {merchant-template-0=OffsetAndMetadata{offset=0, metadata=''}} failed: Commit cannot be completed since the group has already rebalanced and assigned the partitions to another member. This means that the time between subsequent calls to poll() was longer than the configured max.poll.interval.ms, which typically implies that the poll loop is spending too much time message processing. You can address this either by increasing the session timeout or by reducing the maximum size of batches returned in poll() with max.poll.records.
2019-05-27 00:26:50.051  INFO 22987 --- [org.springframework.kafka.KafkaListenerEndpointContainer#0-0-C-1] o.a.k.c.c.internals.ConsumerCoordinator  : [Consumer clientId=consumer-2, groupId=passbook] Revoking previously assigned partitions [merchant-template-0]
2019-05-27 00:26:50.052  INFO 22987 --- [org.springframework.kafka.KafkaListenerEndpointContainer#0-0-C-1] o.s.k.l.KafkaMessageListenerContainer    : partitions revoked: [merchant-template-0]
2019-05-27 00:26:50.052  INFO 22987 --- [org.springframework.kafka.KafkaListenerEndpointContainer#0-0-C-1] o.a.k.c.c.internals.AbstractCoordinator  : [Consumer clientId=consumer-2, groupId=passbook] (Re-)joining group
2019-05-27 00:26:50.091  INFO 22987 --- [org.springframework.kafka.KafkaListenerEndpointContainer#0-3-C-1] o.s.s.c.ThreadPoolTaskScheduler          : Shutting down ExecutorService
2019-05-27 00:26:50.091  INFO 22987 --- [org.springframework.kafka.KafkaListenerEndpointContainer#0-2-C-1] o.s.s.c.ThreadPoolTaskScheduler          : Shutting down ExecutorService
2019-05-27 00:26:50.091  INFO 22987 --- [org.springframework.kafka.KafkaListenerEndpointContainer#0-1-C-1] o.s.s.c.ThreadPoolTaskScheduler          : Shutting down ExecutorService
2019-05-27 00:26:50.091  INFO 22987 --- [org.springframework.kafka.KafkaListenerEndpointContainer#0-0-C-1] o.s.s.c.ThreadPoolTaskScheduler          : Shutting down ExecutorService
2019-05-27 00:26:51.151  INFO 22987 --- [org.springframework.kafka.KafkaListenerEndpointContainer#0-1-C-1] essageListenerContainer$ListenerConsumer : Consumer stopped
2019-05-27 00:26:51.152  INFO 22987 --- [org.springframework.kafka.KafkaListenerEndpointContainer#0-2-C-1] essageListenerContainer$ListenerConsumer : Consumer stopped
2019-05-27 00:26:51.153  INFO 22987 --- [org.springframework.kafka.KafkaListenerEndpointContainer#0-3-C-1] essageListenerContainer$ListenerConsumer : Consumer stopped
2019-05-27 00:26:51.154  INFO 22987 --- [org.springframework.kafka.KafkaListenerEndpointContainer#0-0-C-1] essageListenerContainer$ListenerConsumer : Consumer stopped
2019-05-27 00:26:51.156  INFO 22987 --- [Thread-9] o.s.s.concurrent.ThreadPoolTaskExecutor  : Shutting down ExecutorService 'applicationTaskExecutor'
2019-05-27 00:26:51.169  INFO 22987 --- [Thread-9] j.LocalContainerEntityManagerFactoryBean : Closing JPA EntityManagerFactory for persistence unit 'default'
2019-05-27 00:26:51.172  INFO 22987 --- [Thread-9] com.zaxxer.hikari.HikariDataSource       : HikariPool-1 - Shutdown initiated...
2019-05-27 00:26:51.176  INFO 22987 --- [Thread-9] com.zaxxer.hikari.HikariDataSource       : HikariPool-1 - Shutdown completed.
